<?xml version="1.0" encoding="UTF-8"?>
<!-- Generated by org.testng.reporters.JUnitReportReporter -->
<testsuite hostname="SurajBhjadesAir" failures="0" tests="1" name="com.testcases.Darden" time="70.072" errors="0" timestamp="2022-06-13T10:53:53 IST" skipped="0">
  <testcase classname="com.testcases.Darden" name="searchrestaurent" time="70.072"/>
  <system-out/>
</testsuite> <!-- com.testcases.Darden -->
