<?xml version="1.0" encoding="UTF-8"?>
<!-- Generated by org.testng.reporters.JUnitReportReporter -->
<testsuite hostname="SurajBhjadesAir" failures="0" tests="3" name="com.testcases.Drag" time="49.882" errors="0" timestamp="2022-06-24T10:23:59 IST" skipped="0">
  <testcase classname="com.testcases.Drag" name="dragElement" time="30.192"/>
  <system-out/>
  <testcase classname="com.testcases.Drag" name="resizeElement" time="9.638"/>
  <system-out/>
  <testcase classname="com.testcases.Drag" name="dropElement" time="10.052"/>
  <system-out/>
</testsuite> <!-- com.testcases.Drag -->
